   Qt/MSBuild: 3.4.1.0
   Qt: 6.9.2
  rcc source\QML\qml.qrc
  moc source\SharedMemoryController.h
  SharedMemoryController.cpp
  main.cpp
C:\Users\warwick\source\repos\External\External\source\SharedMemoryController.cpp(1,1): warning C4828: 파일에 0xd3b 오프셋에서 시작하는 문자가 포함되어 있습니다. 이 문자는 현재 원본 문자 집합에서 잘못된 문자입니다(코드 페이지 65001).
C:\Users\warwick\source\repos\External\External\source\SharedMemoryController.cpp(1,1): warning C4828: 파일에 0xd3c 오프셋에서 시작하는 문자가 포함되어 있습니다. 이 문자는 현재 원본 문자 집합에서 잘못된 문자입니다(코드 페이지 65001).
C:\Users\warwick\source\repos\External\External\source\SharedMemoryController.cpp(1,1): warning C4828: 파일에 0xd77 오프셋에서 시작하는 문자가 포함되어 있습니다. 이 문자는 현재 원본 문자 집합에서 잘못된 문자입니다(코드 페이지 65001).
C:\Users\warwick\source\repos\External\External\source\SharedMemoryController.cpp(1,1): warning C4828: 파일에 0xd78 오프셋에서 시작하는 문자가 포함되어 있습니다. 이 문자는 현재 원본 문자 집합에서 잘못된 문자입니다(코드 페이지 65001).
C:\Users\warwick\source\repos\External\External\source\SharedMemoryController.cpp(1,1): warning C4828: 파일에 0xda7 오프셋에서 시작하는 문자가 포함되어 있습니다. 이 문자는 현재 원본 문자 집합에서 잘못된 문자입니다(코드 페이지 65001).
C:\Users\warwick\source\repos\External\External\source\SharedMemoryController.cpp(1,1): warning C4828: 파일에 0xda8 오프셋에서 시작하는 문자가 포함되어 있습니다. 이 문자는 현재 원본 문자 집합에서 잘못된 문자입니다(코드 페이지 65001).
C:\Users\warwick\source\repos\External\External\source\SharedMemoryController.cpp(1,1): warning C4828: 파일에 0xdd4 오프셋에서 시작하는 문자가 포함되어 있습니다. 이 문자는 현재 원본 문자 집합에서 잘못된 문자입니다(코드 페이지 65001).
C:\Users\warwick\source\repos\External\External\source\SharedMemoryController.cpp(1,1): warning C4828: 파일에 0xdd5 오프셋에서 시작하는 문자가 포함되어 있습니다. 이 문자는 현재 원본 문자 집합에서 잘못된 문자입니다(코드 페이지 65001).
C:\Users\warwick\source\repos\External\External\source\SharedMemoryController.cpp(1,1): warning C4828: 파일에 0xe0c 오프셋에서 시작하는 문자가 포함되어 있습니다. 이 문자는 현재 원본 문자 집합에서 잘못된 문자입니다(코드 페이지 65001).
C:\Users\warwick\source\repos\External\External\source\SharedMemoryController.cpp(1,1): warning C4828: 파일에 0xe0d 오프셋에서 시작하는 문자가 포함되어 있습니다. 이 문자는 현재 원본 문자 집합에서 잘못된 문자입니다(코드 페이지 65001).
C:\Users\warwick\source\repos\External\External\source\SharedMemoryController.cpp(1,1): warning C4828: 파일에 0xe40 오프셋에서 시작하는 문자가 포함되어 있습니다. 이 문자는 현재 원본 문자 집합에서 잘못된 문자입니다(코드 페이지 65001).
C:\Users\warwick\source\repos\External\External\source\SharedMemoryController.cpp(1,1): warning C4828: 파일에 0xe41 오프셋에서 시작하는 문자가 포함되어 있습니다. 이 문자는 현재 원본 문자 집합에서 잘못된 문자입니다(코드 페이지 65001).
C:\Users\warwick\source\repos\External\External\source\SharedMemoryController.h(1,1): warning C4828: 파일에 0x130b 오프셋에서 시작하는 문자가 포함되어 있습니다. 이 문자는 현재 원본 문자 집합에서 잘못된 문자입니다(코드 페이지 65001).
  (소스 파일 'source/SharedMemoryController.cpp'을(를) 컴파일하는 중)
  
C:\Users\warwick\source\repos\External\External\source\SharedMemoryController.h(1,1): warning C4828: 파일에 0x130f 오프셋에서 시작하는 문자가 포함되어 있습니다. 이 문자는 현재 원본 문자 집합에서 잘못된 문자입니다(코드 페이지 65001).
  (소스 파일 'source/SharedMemoryController.cpp'을(를) 컴파일하는 중)
  
C:\Users\warwick\source\repos\External\External\source\SharedMemoryController.h(1,1): warning C4828: 파일에 0x1310 오프셋에서 시작하는 문자가 포함되어 있습니다. 이 문자는 현재 원본 문자 집합에서 잘못된 문자입니다(코드 페이지 65001).
  (소스 파일 'source/SharedMemoryController.cpp'을(를) 컴파일하는 중)
  
C:\Users\warwick\source\repos\External\External\source\SharedMemoryController.h(1,1): warning C4828: 파일에 0x1312 오프셋에서 시작하는 문자가 포함되어 있습니다. 이 문자는 현재 원본 문자 집합에서 잘못된 문자입니다(코드 페이지 65001).
  (소스 파일 'source/SharedMemoryController.cpp'을(를) 컴파일하는 중)
  
C:\Users\warwick\source\repos\External\External\source\SharedMemoryController.h(1,1): warning C4828: 파일에 0x1313 오프셋에서 시작하는 문자가 포함되어 있습니다. 이 문자는 현재 원본 문자 집합에서 잘못된 문자입니다(코드 페이지 65001).
  (소스 파일 'source/SharedMemoryController.cpp'을(를) 컴파일하는 중)
  
C:\Users\warwick\source\repos\External\External\source\SharedMemoryController.h(1,1): warning C4828: 파일에 0x1314 오프셋에서 시작하는 문자가 포함되어 있습니다. 이 문자는 현재 원본 문자 집합에서 잘못된 문자입니다(코드 페이지 65001).
  (소스 파일 'source/SharedMemoryController.cpp'을(를) 컴파일하는 중)
  
C:\Users\warwick\source\repos\External\External\source\SharedMemoryController.h(1,1): warning C4828: 파일에 0x1315 오프셋에서 시작하는 문자가 포함되어 있습니다. 이 문자는 현재 원본 문자 집합에서 잘못된 문자입니다(코드 페이지 65001).
  (소스 파일 'source/SharedMemoryController.cpp'을(를) 컴파일하는 중)
  
C:\Users\warwick\source\repos\External\External\source\SharedData.h(1,1): warning C4828: 파일에 0x29 오프셋에서 시작하는 문자가 포함되어 있습니다. 이 문자는 현재 원본 문자 집합에서 잘못된 문자입니다(코드 페이지 65001).
  (소스 파일 'source/SharedMemoryController.cpp'을(를) 컴파일하는 중)
  
C:\Users\warwick\source\repos\External\External\source\SharedData.h(1,1): warning C4828: 파일에 0x2b 오프셋에서 시작하는 문자가 포함되어 있습니다. 이 문자는 현재 원본 문자 집합에서 잘못된 문자입니다(코드 페이지 65001).
  (소스 파일 'source/SharedMemoryController.cpp'을(를) 컴파일하는 중)
  
C:\Users\warwick\source\repos\External\External\source\SharedData.h(1,1): warning C4828: 파일에 0x2d 오프셋에서 시작하는 문자가 포함되어 있습니다. 이 문자는 현재 원본 문자 집합에서 잘못된 문자입니다(코드 페이지 65001).
  (소스 파일 'source/SharedMemoryController.cpp'을(를) 컴파일하는 중)
  
C:\Users\warwick\source\repos\External\External\source\SharedData.h(1,1): warning C4828: 파일에 0x30 오프셋에서 시작하는 문자가 포함되어 있습니다. 이 문자는 현재 원본 문자 집합에서 잘못된 문자입니다(코드 페이지 65001).
  (소스 파일 'source/SharedMemoryController.cpp'을(를) 컴파일하는 중)
  
C:\Users\warwick\source\repos\External\External\source\SharedData.h(1,1): warning C4828: 파일에 0x32 오프셋에서 시작하는 문자가 포함되어 있습니다. 이 문자는 현재 원본 문자 집합에서 잘못된 문자입니다(코드 페이지 65001).
  (소스 파일 'source/SharedMemoryController.cpp'을(를) 컴파일하는 중)
  
C:\Users\warwick\source\repos\External\External\source\SharedData.h(1,1): warning C4828: 파일에 0x34 오프셋에서 시작하는 문자가 포함되어 있습니다. 이 문자는 현재 원본 문자 집합에서 잘못된 문자입니다(코드 페이지 65001).
  (소스 파일 'source/SharedMemoryController.cpp'을(를) 컴파일하는 중)
  
C:\Users\warwick\source\repos\External\External\source\SharedData.h(1,1): warning C4828: 파일에 0x35 오프셋에서 시작하는 문자가 포함되어 있습니다. 이 문자는 현재 원본 문자 집합에서 잘못된 문자입니다(코드 페이지 65001).
  (소스 파일 'source/SharedMemoryController.cpp'을(를) 컴파일하는 중)
  
C:\Users\warwick\source\repos\External\External\source\SharedData.h(1,1): warning C4828: 파일에 0x36 오프셋에서 시작하는 문자가 포함되어 있습니다. 이 문자는 현재 원본 문자 집합에서 잘못된 문자입니다(코드 페이지 65001).
  (소스 파일 'source/SharedMemoryController.cpp'을(를) 컴파일하는 중)
  
C:\Users\warwick\source\repos\External\External\source\SharedData.h(1,1): warning C4828: 파일에 0x37 오프셋에서 시작하는 문자가 포함되어 있습니다. 이 문자는 현재 원본 문자 집합에서 잘못된 문자입니다(코드 페이지 65001).
  (소스 파일 'source/SharedMemoryController.cpp'을(를) 컴파일하는 중)
  
C:\Users\warwick\source\repos\External\External\source\SharedData.h(1,1): warning C4828: 파일에 0x39 오프셋에서 시작하는 문자가 포함되어 있습니다. 이 문자는 현재 원본 문자 집합에서 잘못된 문자입니다(코드 페이지 65001).
  (소스 파일 'source/SharedMemoryController.cpp'을(를) 컴파일하는 중)
  
C:\Users\warwick\source\repos\External\External\source\SharedData.h(1,1): warning C4828: 파일에 0x3a 오프셋에서 시작하는 문자가 포함되어 있습니다. 이 문자는 현재 원본 문자 집합에서 잘못된 문자입니다(코드 페이지 65001).
  (소스 파일 'source/SharedMemoryController.cpp'을(를) 컴파일하는 중)
  
C:\Users\warwick\source\repos\External\External\source\SharedData.h(1,1): warning C4828: 파일에 0x3b 오프셋에서 시작하는 문자가 포함되어 있습니다. 이 문자는 현재 원본 문자 집합에서 잘못된 문자입니다(코드 페이지 65001).
  (소스 파일 'source/SharedMemoryController.cpp'을(를) 컴파일하는 중)
  
C:\Users\warwick\source\repos\External\External\source\SharedData.h(1,1): warning C4828: 파일에 0x3c 오프셋에서 시작하는 문자가 포함되어 있습니다. 이 문자는 현재 원본 문자 집합에서 잘못된 문자입니다(코드 페이지 65001).
  (소스 파일 'source/SharedMemoryController.cpp'을(를) 컴파일하는 중)
  
C:\Users\warwick\source\repos\External\External\source\SharedData.h(1,1): warning C4828: 파일에 0x3f 오프셋에서 시작하는 문자가 포함되어 있습니다. 이 문자는 현재 원본 문자 집합에서 잘못된 문자입니다(코드 페이지 65001).
  (소스 파일 'source/SharedMemoryController.cpp'을(를) 컴파일하는 중)
  
C:\Users\warwick\source\repos\External\External\source\SharedData.h(1,1): warning C4828: 파일에 0x40 오프셋에서 시작하는 문자가 포함되어 있습니다. 이 문자는 현재 원본 문자 집합에서 잘못된 문자입니다(코드 페이지 65001).
  (소스 파일 'source/SharedMemoryController.cpp'을(를) 컴파일하는 중)
  
C:\Users\warwick\source\repos\External\External\source\SharedData.h(1,1): warning C4828: 파일에 0x42 오프셋에서 시작하는 문자가 포함되어 있습니다. 이 문자는 현재 원본 문자 집합에서 잘못된 문자입니다(코드 페이지 65001).
  (소스 파일 'source/SharedMemoryController.cpp'을(를) 컴파일하는 중)
  
C:\Users\warwick\source\repos\External\External\source\SharedData.h(1,1): warning C4828: 파일에 0x45 오프셋에서 시작하는 문자가 포함되어 있습니다. 이 문자는 현재 원본 문자 집합에서 잘못된 문자입니다(코드 페이지 65001).
  (소스 파일 'source/SharedMemoryController.cpp'을(를) 컴파일하는 중)
  
C:\Users\warwick\source\repos\External\External\source\SharedData.h(1,1): warning C4828: 파일에 0x46 오프셋에서 시작하는 문자가 포함되어 있습니다. 이 문자는 현재 원본 문자 집합에서 잘못된 문자입니다(코드 페이지 65001).
  (소스 파일 'source/SharedMemoryController.cpp'을(를) 컴파일하는 중)
  
C:\Users\warwick\source\repos\External\External\source\SharedData.h(1,1): warning C4828: 파일에 0x47 오프셋에서 시작하는 문자가 포함되어 있습니다. 이 문자는 현재 원본 문자 집합에서 잘못된 문자입니다(코드 페이지 65001).
  (소스 파일 'source/SharedMemoryController.cpp'을(를) 컴파일하는 중)
  
C:\Users\warwick\source\repos\External\External\source\SharedData.h(1,1): warning C4828: 파일에 0x49 오프셋에서 시작하는 문자가 포함되어 있습니다. 이 문자는 현재 원본 문자 집합에서 잘못된 문자입니다(코드 페이지 65001).
  (소스 파일 'source/SharedMemoryController.cpp'을(를) 컴파일하는 중)
  
C:\Users\warwick\source\repos\External\External\source\SharedData.h(1,1): warning C4828: 파일에 0x4c 오프셋에서 시작하는 문자가 포함되어 있습니다. 이 문자는 현재 원본 문자 집합에서 잘못된 문자입니다(코드 페이지 65001).
  (소스 파일 'source/SharedMemoryController.cpp'을(를) 컴파일하는 중)
  
C:\Users\warwick\source\repos\External\External\source\SharedData.h(1,1): warning C4828: 파일에 0x50 오프셋에서 시작하는 문자가 포함되어 있습니다. 이 문자는 현재 원본 문자 집합에서 잘못된 문자입니다(코드 페이지 65001).
  (소스 파일 'source/SharedMemoryController.cpp'을(를) 컴파일하는 중)
  
C:\Users\warwick\source\repos\External\External\source\SharedData.h(1,1): warning C4828: 파일에 0x51 오프셋에서 시작하는 문자가 포함되어 있습니다. 이 문자는 현재 원본 문자 집합에서 잘못된 문자입니다(코드 페이지 65001).
  (소스 파일 'source/SharedMemoryController.cpp'을(를) 컴파일하는 중)
  
C:\Users\warwick\source\repos\External\External\source\SharedData.h(1,1): warning C4828: 파일에 0x52 오프셋에서 시작하는 문자가 포함되어 있습니다. 이 문자는 현재 원본 문자 집합에서 잘못된 문자입니다(코드 페이지 65001).
  (소스 파일 'source/SharedMemoryController.cpp'을(를) 컴파일하는 중)
  
C:\Users\warwick\source\repos\External\External\source\SharedData.h(1,1): warning C4828: 파일에 0x57 오프셋에서 시작하는 문자가 포함되어 있습니다. 이 문자는 현재 원본 문자 집합에서 잘못된 문자입니다(코드 페이지 65001).
  (소스 파일 'source/SharedMemoryController.cpp'을(를) 컴파일하는 중)
  
C:\Users\warwick\source\repos\External\External\source\SharedData.h(1,1): warning C4828: 파일에 0x5b 오프셋에서 시작하는 문자가 포함되어 있습니다. 이 문자는 현재 원본 문자 집합에서 잘못된 문자입니다(코드 페이지 65001).
  (소스 파일 'source/SharedMemoryController.cpp'을(를) 컴파일하는 중)
  
C:\Users\warwick\source\repos\External\External\source\SharedData.h(1,1): warning C4828: 파일에 0x5c 오프셋에서 시작하는 문자가 포함되어 있습니다. 이 문자는 현재 원본 문자 집합에서 잘못된 문자입니다(코드 페이지 65001).
  (소스 파일 'source/SharedMemoryController.cpp'을(를) 컴파일하는 중)
  
C:\Users\warwick\source\repos\External\External\source\SharedData.h(1,1): warning C4828: 파일에 0x256 오프셋에서 시작하는 문자가 포함되어 있습니다. 이 문자는 현재 원본 문자 집합에서 잘못된 문자입니다(코드 페이지 65001).
  (소스 파일 'source/SharedMemoryController.cpp'을(를) 컴파일하는 중)
  
C:\Users\warwick\source\repos\External\External\source\SharedData.h(1,1): warning C4828: 파일에 0x257 오프셋에서 시작하는 문자가 포함되어 있습니다. 이 문자는 현재 원본 문자 집합에서 잘못된 문자입니다(코드 페이지 65001).
  (소스 파일 'source/SharedMemoryController.cpp'을(를) 컴파일하는 중)
  
C:\Users\warwick\source\repos\External\External\source\SharedData.h(1,1): warning C4828: 파일에 0x25b 오프셋에서 시작하는 문자가 포함되어 있습니다. 이 문자는 현재 원본 문자 집합에서 잘못된 문자입니다(코드 페이지 65001).
  (소스 파일 'source/SharedMemoryController.cpp'을(를) 컴파일하는 중)
  
C:\Users\warwick\source\repos\External\External\source\SharedData.h(1,1): warning C4828: 파일에 0x25e 오프셋에서 시작하는 문자가 포함되어 있습니다. 이 문자는 현재 원본 문자 집합에서 잘못된 문자입니다(코드 페이지 65001).
  (소스 파일 'source/SharedMemoryController.cpp'을(를) 컴파일하는 중)
  
C:\Users\warwick\source\repos\External\External\source\SharedData.h(1,1): warning C4828: 파일에 0x25f 오프셋에서 시작하는 문자가 포함되어 있습니다. 이 문자는 현재 원본 문자 집합에서 잘못된 문자입니다(코드 페이지 65001).
  (소스 파일 'source/SharedMemoryController.cpp'을(를) 컴파일하는 중)
  
C:\Users\warwick\source\repos\External\External\source\SharedData.h(1,1): warning C4828: 파일에 0x262 오프셋에서 시작하는 문자가 포함되어 있습니다. 이 문자는 현재 원본 문자 집합에서 잘못된 문자입니다(코드 페이지 65001).
  (소스 파일 'source/SharedMemoryController.cpp'을(를) 컴파일하는 중)
  
C:\Users\warwick\source\repos\External\External\source\SharedData.h(1,1): warning C4828: 파일에 0x265 오프셋에서 시작하는 문자가 포함되어 있습니다. 이 문자는 현재 원본 문자 집합에서 잘못된 문자입니다(코드 페이지 65001).
  (소스 파일 'source/SharedMemoryController.cpp'을(를) 컴파일하는 중)
  
C:\Users\warwick\source\repos\External\External\source\SharedData.h(1,1): warning C4828: 파일에 0x267 오프셋에서 시작하는 문자가 포함되어 있습니다. 이 문자는 현재 원본 문자 집합에서 잘못된 문자입니다(코드 페이지 65001).
  (소스 파일 'source/SharedMemoryController.cpp'을(를) 컴파일하는 중)
  
C:\Users\warwick\source\repos\External\External\source\SharedData.h(1,1): warning C4828: 파일에 0x268 오프셋에서 시작하는 문자가 포함되어 있습니다. 이 문자는 현재 원본 문자 집합에서 잘못된 문자입니다(코드 페이지 65001).
  (소스 파일 'source/SharedMemoryController.cpp'을(를) 컴파일하는 중)
  
C:\Users\warwick\source\repos\External\External\source\SharedData.h(1,1): warning C4828: 파일에 0x26c 오프셋에서 시작하는 문자가 포함되어 있습니다. 이 문자는 현재 원본 문자 집합에서 잘못된 문자입니다(코드 페이지 65001).
  (소스 파일 'source/SharedMemoryController.cpp'을(를) 컴파일하는 중)
  
C:\Users\warwick\source\repos\External\External\source\SharedData.h(1,1): warning C4828: 파일에 0x26d 오프셋에서 시작하는 문자가 포함되어 있습니다. 이 문자는 현재 원본 문자 집합에서 잘못된 문자입니다(코드 페이지 65001).
  (소스 파일 'source/SharedMemoryController.cpp'을(를) 컴파일하는 중)
  
C:\Users\warwick\source\repos\External\External\source\SharedData.h(1,1): warning C4828: 파일에 0x2aa 오프셋에서 시작하는 문자가 포함되어 있습니다. 이 문자는 현재 원본 문자 집합에서 잘못된 문자입니다(코드 페이지 65001).
  (소스 파일 'source/SharedMemoryController.cpp'을(를) 컴파일하는 중)
  
C:\Users\warwick\source\repos\External\External\source\SharedData.h(1,1): warning C4828: 파일에 0x2ab 오프셋에서 시작하는 문자가 포함되어 있습니다. 이 문자는 현재 원본 문자 집합에서 잘못된 문자입니다(코드 페이지 65001).
  (소스 파일 'source/SharedMemoryController.cpp'을(를) 컴파일하는 중)
  
C:\Users\warwick\source\repos\External\External\source\SharedMemoryController.h(1,1): warning C4828: 파일에 0x130b 오프셋에서 시작하는 문자가 포함되어 있습니다. 이 문자는 현재 원본 문자 집합에서 잘못된 문자입니다(코드 페이지 65001).
  (소스 파일 'source/main.cpp'을(를) 컴파일하는 중)
  
C:\Users\warwick\source\repos\External\External\source\SharedMemoryController.h(1,1): warning C4828: 파일에 0x130f 오프셋에서 시작하는 문자가 포함되어 있습니다. 이 문자는 현재 원본 문자 집합에서 잘못된 문자입니다(코드 페이지 65001).
  (소스 파일 'source/main.cpp'을(를) 컴파일하는 중)
  
C:\Users\warwick\source\repos\External\External\source\SharedMemoryController.h(1,1): warning C4828: 파일에 0x1310 오프셋에서 시작하는 문자가 포함되어 있습니다. 이 문자는 현재 원본 문자 집합에서 잘못된 문자입니다(코드 페이지 65001).
  (소스 파일 'source/main.cpp'을(를) 컴파일하는 중)
  
C:\Users\warwick\source\repos\External\External\source\SharedMemoryController.h(1,1): warning C4828: 파일에 0x1312 오프셋에서 시작하는 문자가 포함되어 있습니다. 이 문자는 현재 원본 문자 집합에서 잘못된 문자입니다(코드 페이지 65001).
  (소스 파일 'source/main.cpp'을(를) 컴파일하는 중)
  
C:\Users\warwick\source\repos\External\External\source\SharedMemoryController.h(1,1): warning C4828: 파일에 0x1313 오프셋에서 시작하는 문자가 포함되어 있습니다. 이 문자는 현재 원본 문자 집합에서 잘못된 문자입니다(코드 페이지 65001).
  (소스 파일 'source/main.cpp'을(를) 컴파일하는 중)
  
C:\Users\warwick\source\repos\External\External\source\SharedMemoryController.h(1,1): warning C4828: 파일에 0x1314 오프셋에서 시작하는 문자가 포함되어 있습니다. 이 문자는 현재 원본 문자 집합에서 잘못된 문자입니다(코드 페이지 65001).
  (소스 파일 'source/main.cpp'을(를) 컴파일하는 중)
  
C:\Users\warwick\source\repos\External\External\source\SharedMemoryController.h(1,1): warning C4828: 파일에 0x1315 오프셋에서 시작하는 문자가 포함되어 있습니다. 이 문자는 현재 원본 문자 집합에서 잘못된 문자입니다(코드 페이지 65001).
  (소스 파일 'source/main.cpp'을(를) 컴파일하는 중)
  
C:\Users\warwick\source\repos\External\External\source\SharedData.h(1,1): warning C4828: 파일에 0x29 오프셋에서 시작하는 문자가 포함되어 있습니다. 이 문자는 현재 원본 문자 집합에서 잘못된 문자입니다(코드 페이지 65001).
  (소스 파일 'source/main.cpp'을(를) 컴파일하는 중)
  
C:\Users\warwick\source\repos\External\External\source\SharedData.h(1,1): warning C4828: 파일에 0x2b 오프셋에서 시작하는 문자가 포함되어 있습니다. 이 문자는 현재 원본 문자 집합에서 잘못된 문자입니다(코드 페이지 65001).
  (소스 파일 'source/main.cpp'을(를) 컴파일하는 중)
  
C:\Users\warwick\source\repos\External\External\source\SharedData.h(1,1): warning C4828: 파일에 0x2d 오프셋에서 시작하는 문자가 포함되어 있습니다. 이 문자는 현재 원본 문자 집합에서 잘못된 문자입니다(코드 페이지 65001).
  (소스 파일 'source/main.cpp'을(를) 컴파일하는 중)
  
C:\Users\warwick\source\repos\External\External\source\SharedData.h(1,1): warning C4828: 파일에 0x30 오프셋에서 시작하는 문자가 포함되어 있습니다. 이 문자는 현재 원본 문자 집합에서 잘못된 문자입니다(코드 페이지 65001).
  (소스 파일 'source/main.cpp'을(를) 컴파일하는 중)
  
C:\Users\warwick\source\repos\External\External\source\SharedData.h(1,1): warning C4828: 파일에 0x32 오프셋에서 시작하는 문자가 포함되어 있습니다. 이 문자는 현재 원본 문자 집합에서 잘못된 문자입니다(코드 페이지 65001).
  (소스 파일 'source/main.cpp'을(를) 컴파일하는 중)
  
C:\Users\warwick\source\repos\External\External\source\SharedData.h(1,1): warning C4828: 파일에 0x34 오프셋에서 시작하는 문자가 포함되어 있습니다. 이 문자는 현재 원본 문자 집합에서 잘못된 문자입니다(코드 페이지 65001).
  (소스 파일 'source/main.cpp'을(를) 컴파일하는 중)
  
C:\Users\warwick\source\repos\External\External\source\SharedData.h(1,1): warning C4828: 파일에 0x35 오프셋에서 시작하는 문자가 포함되어 있습니다. 이 문자는 현재 원본 문자 집합에서 잘못된 문자입니다(코드 페이지 65001).
  (소스 파일 'source/main.cpp'을(를) 컴파일하는 중)
  
C:\Users\warwick\source\repos\External\External\source\SharedData.h(1,1): warning C4828: 파일에 0x36 오프셋에서 시작하는 문자가 포함되어 있습니다. 이 문자는 현재 원본 문자 집합에서 잘못된 문자입니다(코드 페이지 65001).
  (소스 파일 'source/main.cpp'을(를) 컴파일하는 중)
  
C:\Users\warwick\source\repos\External\External\source\SharedData.h(1,1): warning C4828: 파일에 0x37 오프셋에서 시작하는 문자가 포함되어 있습니다. 이 문자는 현재 원본 문자 집합에서 잘못된 문자입니다(코드 페이지 65001).
  (소스 파일 'source/main.cpp'을(를) 컴파일하는 중)
  
C:\Users\warwick\source\repos\External\External\source\SharedData.h(1,1): warning C4828: 파일에 0x39 오프셋에서 시작하는 문자가 포함되어 있습니다. 이 문자는 현재 원본 문자 집합에서 잘못된 문자입니다(코드 페이지 65001).
  (소스 파일 'source/main.cpp'을(를) 컴파일하는 중)
  
C:\Users\warwick\source\repos\External\External\source\SharedData.h(1,1): warning C4828: 파일에 0x3a 오프셋에서 시작하는 문자가 포함되어 있습니다. 이 문자는 현재 원본 문자 집합에서 잘못된 문자입니다(코드 페이지 65001).
  (소스 파일 'source/main.cpp'을(를) 컴파일하는 중)
  
C:\Users\warwick\source\repos\External\External\source\SharedData.h(1,1): warning C4828: 파일에 0x3b 오프셋에서 시작하는 문자가 포함되어 있습니다. 이 문자는 현재 원본 문자 집합에서 잘못된 문자입니다(코드 페이지 65001).
  (소스 파일 'source/main.cpp'을(를) 컴파일하는 중)
  
C:\Users\warwick\source\repos\External\External\source\SharedData.h(1,1): warning C4828: 파일에 0x3c 오프셋에서 시작하는 문자가 포함되어 있습니다. 이 문자는 현재 원본 문자 집합에서 잘못된 문자입니다(코드 페이지 65001).
  (소스 파일 'source/main.cpp'을(를) 컴파일하는 중)
  
C:\Users\warwick\source\repos\External\External\source\SharedData.h(1,1): warning C4828: 파일에 0x3f 오프셋에서 시작하는 문자가 포함되어 있습니다. 이 문자는 현재 원본 문자 집합에서 잘못된 문자입니다(코드 페이지 65001).
  (소스 파일 'source/main.cpp'을(를) 컴파일하는 중)
  
C:\Users\warwick\source\repos\External\External\source\SharedData.h(1,1): warning C4828: 파일에 0x40 오프셋에서 시작하는 문자가 포함되어 있습니다. 이 문자는 현재 원본 문자 집합에서 잘못된 문자입니다(코드 페이지 65001).
  (소스 파일 'source/main.cpp'을(를) 컴파일하는 중)
  
C:\Users\warwick\source\repos\External\External\source\SharedData.h(1,1): warning C4828: 파일에 0x42 오프셋에서 시작하는 문자가 포함되어 있습니다. 이 문자는 현재 원본 문자 집합에서 잘못된 문자입니다(코드 페이지 65001).
  (소스 파일 'source/main.cpp'을(를) 컴파일하는 중)
  
C:\Users\warwick\source\repos\External\External\source\SharedData.h(1,1): warning C4828: 파일에 0x45 오프셋에서 시작하는 문자가 포함되어 있습니다. 이 문자는 현재 원본 문자 집합에서 잘못된 문자입니다(코드 페이지 65001).
  (소스 파일 'source/main.cpp'을(를) 컴파일하는 중)
  
C:\Users\warwick\source\repos\External\External\source\SharedData.h(1,1): warning C4828: 파일에 0x46 오프셋에서 시작하는 문자가 포함되어 있습니다. 이 문자는 현재 원본 문자 집합에서 잘못된 문자입니다(코드 페이지 65001).
  (소스 파일 'source/main.cpp'을(를) 컴파일하는 중)
  
C:\Users\warwick\source\repos\External\External\source\SharedData.h(1,1): warning C4828: 파일에 0x47 오프셋에서 시작하는 문자가 포함되어 있습니다. 이 문자는 현재 원본 문자 집합에서 잘못된 문자입니다(코드 페이지 65001).
  (소스 파일 'source/main.cpp'을(를) 컴파일하는 중)
  
C:\Users\warwick\source\repos\External\External\source\SharedData.h(1,1): warning C4828: 파일에 0x49 오프셋에서 시작하는 문자가 포함되어 있습니다. 이 문자는 현재 원본 문자 집합에서 잘못된 문자입니다(코드 페이지 65001).
  (소스 파일 'source/main.cpp'을(를) 컴파일하는 중)
  
C:\Users\warwick\source\repos\External\External\source\SharedData.h(1,1): warning C4828: 파일에 0x4c 오프셋에서 시작하는 문자가 포함되어 있습니다. 이 문자는 현재 원본 문자 집합에서 잘못된 문자입니다(코드 페이지 65001).
  (소스 파일 'source/main.cpp'을(를) 컴파일하는 중)
  
C:\Users\warwick\source\repos\External\External\source\SharedData.h(1,1): warning C4828: 파일에 0x50 오프셋에서 시작하는 문자가 포함되어 있습니다. 이 문자는 현재 원본 문자 집합에서 잘못된 문자입니다(코드 페이지 65001).
  (소스 파일 'source/main.cpp'을(를) 컴파일하는 중)
  
C:\Users\warwick\source\repos\External\External\source\SharedData.h(1,1): warning C4828: 파일에 0x51 오프셋에서 시작하는 문자가 포함되어 있습니다. 이 문자는 현재 원본 문자 집합에서 잘못된 문자입니다(코드 페이지 65001).
  (소스 파일 'source/main.cpp'을(를) 컴파일하는 중)
  
C:\Users\warwick\source\repos\External\External\source\SharedData.h(1,1): warning C4828: 파일에 0x52 오프셋에서 시작하는 문자가 포함되어 있습니다. 이 문자는 현재 원본 문자 집합에서 잘못된 문자입니다(코드 페이지 65001).
  (소스 파일 'source/main.cpp'을(를) 컴파일하는 중)
  
C:\Users\warwick\source\repos\External\External\source\SharedData.h(1,1): warning C4828: 파일에 0x57 오프셋에서 시작하는 문자가 포함되어 있습니다. 이 문자는 현재 원본 문자 집합에서 잘못된 문자입니다(코드 페이지 65001).
  (소스 파일 'source/main.cpp'을(를) 컴파일하는 중)
  
C:\Users\warwick\source\repos\External\External\source\SharedData.h(1,1): warning C4828: 파일에 0x5b 오프셋에서 시작하는 문자가 포함되어 있습니다. 이 문자는 현재 원본 문자 집합에서 잘못된 문자입니다(코드 페이지 65001).
  (소스 파일 'source/main.cpp'을(를) 컴파일하는 중)
  
C:\Users\warwick\source\repos\External\External\source\SharedData.h(1,1): warning C4828: 파일에 0x5c 오프셋에서 시작하는 문자가 포함되어 있습니다. 이 문자는 현재 원본 문자 집합에서 잘못된 문자입니다(코드 페이지 65001).
  (소스 파일 'source/main.cpp'을(를) 컴파일하는 중)
  
C:\Users\warwick\source\repos\External\External\source\SharedData.h(1,1): warning C4828: 파일에 0x256 오프셋에서 시작하는 문자가 포함되어 있습니다. 이 문자는 현재 원본 문자 집합에서 잘못된 문자입니다(코드 페이지 65001).
  (소스 파일 'source/main.cpp'을(를) 컴파일하는 중)
  
C:\Users\warwick\source\repos\External\External\source\SharedData.h(1,1): warning C4828: 파일에 0x257 오프셋에서 시작하는 문자가 포함되어 있습니다. 이 문자는 현재 원본 문자 집합에서 잘못된 문자입니다(코드 페이지 65001).
  (소스 파일 'source/main.cpp'을(를) 컴파일하는 중)
  
C:\Users\warwick\source\repos\External\External\source\SharedData.h(1,1): warning C4828: 파일에 0x25b 오프셋에서 시작하는 문자가 포함되어 있습니다. 이 문자는 현재 원본 문자 집합에서 잘못된 문자입니다(코드 페이지 65001).
  (소스 파일 'source/main.cpp'을(를) 컴파일하는 중)
  
C:\Users\warwick\source\repos\External\External\source\SharedData.h(1,1): warning C4828: 파일에 0x25e 오프셋에서 시작하는 문자가 포함되어 있습니다. 이 문자는 현재 원본 문자 집합에서 잘못된 문자입니다(코드 페이지 65001).
  (소스 파일 'source/main.cpp'을(를) 컴파일하는 중)
  
C:\Users\warwick\source\repos\External\External\source\SharedData.h(1,1): warning C4828: 파일에 0x25f 오프셋에서 시작하는 문자가 포함되어 있습니다. 이 문자는 현재 원본 문자 집합에서 잘못된 문자입니다(코드 페이지 65001).
  (소스 파일 'source/main.cpp'을(를) 컴파일하는 중)
  
C:\Users\warwick\source\repos\External\External\source\SharedData.h(1,1): warning C4828: 파일에 0x262 오프셋에서 시작하는 문자가 포함되어 있습니다. 이 문자는 현재 원본 문자 집합에서 잘못된 문자입니다(코드 페이지 65001).
  (소스 파일 'source/main.cpp'을(를) 컴파일하는 중)
  
C:\Users\warwick\source\repos\External\External\source\SharedData.h(1,1): warning C4828: 파일에 0x265 오프셋에서 시작하는 문자가 포함되어 있습니다. 이 문자는 현재 원본 문자 집합에서 잘못된 문자입니다(코드 페이지 65001).
  (소스 파일 'source/main.cpp'을(를) 컴파일하는 중)
  
C:\Users\warwick\source\repos\External\External\source\SharedData.h(1,1): warning C4828: 파일에 0x267 오프셋에서 시작하는 문자가 포함되어 있습니다. 이 문자는 현재 원본 문자 집합에서 잘못된 문자입니다(코드 페이지 65001).
  (소스 파일 'source/main.cpp'을(를) 컴파일하는 중)
  
C:\Users\warwick\source\repos\External\External\source\SharedData.h(1,1): warning C4828: 파일에 0x268 오프셋에서 시작하는 문자가 포함되어 있습니다. 이 문자는 현재 원본 문자 집합에서 잘못된 문자입니다(코드 페이지 65001).
  (소스 파일 'source/main.cpp'을(를) 컴파일하는 중)
  
C:\Users\warwick\source\repos\External\External\source\SharedData.h(1,1): warning C4828: 파일에 0x26c 오프셋에서 시작하는 문자가 포함되어 있습니다. 이 문자는 현재 원본 문자 집합에서 잘못된 문자입니다(코드 페이지 65001).
  (소스 파일 'source/main.cpp'을(를) 컴파일하는 중)
  
C:\Users\warwick\source\repos\External\External\source\SharedData.h(1,1): warning C4828: 파일에 0x26d 오프셋에서 시작하는 문자가 포함되어 있습니다. 이 문자는 현재 원본 문자 집합에서 잘못된 문자입니다(코드 페이지 65001).
  (소스 파일 'source/main.cpp'을(를) 컴파일하는 중)
  
C:\Users\warwick\source\repos\External\External\source\SharedData.h(1,1): warning C4828: 파일에 0x2aa 오프셋에서 시작하는 문자가 포함되어 있습니다. 이 문자는 현재 원본 문자 집합에서 잘못된 문자입니다(코드 페이지 65001).
  (소스 파일 'source/main.cpp'을(를) 컴파일하는 중)
  
C:\Users\warwick\source\repos\External\External\source\SharedData.h(1,1): warning C4828: 파일에 0x2ab 오프셋에서 시작하는 문자가 포함되어 있습니다. 이 문자는 현재 원본 문자 집합에서 잘못된 문자입니다(코드 페이지 65001).
  (소스 파일 'source/main.cpp'을(를) 컴파일하는 중)
  
  qrc_qml.cpp
  moc_SharedMemoryController.cpp
C:\Users\warwick\source\repos\External\External\source\SharedMemoryController.h(1,1): warning C4828: 파일에 0x130b 오프셋에서 시작하는 문자가 포함되어 있습니다. 이 문자는 현재 원본 문자 집합에서 잘못된 문자입니다(코드 페이지 65001).
  (소스 파일 '../artifacts/qt/moc/moc_SharedMemoryController.cpp'을(를) 컴파일하는 중)
  
C:\Users\warwick\source\repos\External\External\source\SharedMemoryController.h(1,1): warning C4828: 파일에 0x130f 오프셋에서 시작하는 문자가 포함되어 있습니다. 이 문자는 현재 원본 문자 집합에서 잘못된 문자입니다(코드 페이지 65001).
  (소스 파일 '../artifacts/qt/moc/moc_SharedMemoryController.cpp'을(를) 컴파일하는 중)
  
C:\Users\warwick\source\repos\External\External\source\SharedMemoryController.h(1,1): warning C4828: 파일에 0x1310 오프셋에서 시작하는 문자가 포함되어 있습니다. 이 문자는 현재 원본 문자 집합에서 잘못된 문자입니다(코드 페이지 65001).
  (소스 파일 '../artifacts/qt/moc/moc_SharedMemoryController.cpp'을(를) 컴파일하는 중)
  
C:\Users\warwick\source\repos\External\External\source\SharedMemoryController.h(1,1): warning C4828: 파일에 0x1312 오프셋에서 시작하는 문자가 포함되어 있습니다. 이 문자는 현재 원본 문자 집합에서 잘못된 문자입니다(코드 페이지 65001).
  (소스 파일 '../artifacts/qt/moc/moc_SharedMemoryController.cpp'을(를) 컴파일하는 중)
  
C:\Users\warwick\source\repos\External\External\source\SharedMemoryController.h(1,1): warning C4828: 파일에 0x1313 오프셋에서 시작하는 문자가 포함되어 있습니다. 이 문자는 현재 원본 문자 집합에서 잘못된 문자입니다(코드 페이지 65001).
  (소스 파일 '../artifacts/qt/moc/moc_SharedMemoryController.cpp'을(를) 컴파일하는 중)
  
C:\Users\warwick\source\repos\External\External\source\SharedMemoryController.h(1,1): warning C4828: 파일에 0x1314 오프셋에서 시작하는 문자가 포함되어 있습니다. 이 문자는 현재 원본 문자 집합에서 잘못된 문자입니다(코드 페이지 65001).
  (소스 파일 '../artifacts/qt/moc/moc_SharedMemoryController.cpp'을(를) 컴파일하는 중)
  
C:\Users\warwick\source\repos\External\External\source\SharedMemoryController.h(1,1): warning C4828: 파일에 0x1315 오프셋에서 시작하는 문자가 포함되어 있습니다. 이 문자는 현재 원본 문자 집합에서 잘못된 문자입니다(코드 페이지 65001).
  (소스 파일 '../artifacts/qt/moc/moc_SharedMemoryController.cpp'을(를) 컴파일하는 중)
  
C:\Users\warwick\source\repos\External\External\source\SharedData.h(1,1): warning C4828: 파일에 0x29 오프셋에서 시작하는 문자가 포함되어 있습니다. 이 문자는 현재 원본 문자 집합에서 잘못된 문자입니다(코드 페이지 65001).
  (소스 파일 '../artifacts/qt/moc/moc_SharedMemoryController.cpp'을(를) 컴파일하는 중)
  
C:\Users\warwick\source\repos\External\External\source\SharedData.h(1,1): warning C4828: 파일에 0x2b 오프셋에서 시작하는 문자가 포함되어 있습니다. 이 문자는 현재 원본 문자 집합에서 잘못된 문자입니다(코드 페이지 65001).
  (소스 파일 '../artifacts/qt/moc/moc_SharedMemoryController.cpp'을(를) 컴파일하는 중)
  
C:\Users\warwick\source\repos\External\External\source\SharedData.h(1,1): warning C4828: 파일에 0x2d 오프셋에서 시작하는 문자가 포함되어 있습니다. 이 문자는 현재 원본 문자 집합에서 잘못된 문자입니다(코드 페이지 65001).
  (소스 파일 '../artifacts/qt/moc/moc_SharedMemoryController.cpp'을(를) 컴파일하는 중)
  
C:\Users\warwick\source\repos\External\External\source\SharedData.h(1,1): warning C4828: 파일에 0x30 오프셋에서 시작하는 문자가 포함되어 있습니다. 이 문자는 현재 원본 문자 집합에서 잘못된 문자입니다(코드 페이지 65001).
  (소스 파일 '../artifacts/qt/moc/moc_SharedMemoryController.cpp'을(를) 컴파일하는 중)
  
C:\Users\warwick\source\repos\External\External\source\SharedData.h(1,1): warning C4828: 파일에 0x32 오프셋에서 시작하는 문자가 포함되어 있습니다. 이 문자는 현재 원본 문자 집합에서 잘못된 문자입니다(코드 페이지 65001).
  (소스 파일 '../artifacts/qt/moc/moc_SharedMemoryController.cpp'을(를) 컴파일하는 중)
  
C:\Users\warwick\source\repos\External\External\source\SharedData.h(1,1): warning C4828: 파일에 0x34 오프셋에서 시작하는 문자가 포함되어 있습니다. 이 문자는 현재 원본 문자 집합에서 잘못된 문자입니다(코드 페이지 65001).
  (소스 파일 '../artifacts/qt/moc/moc_SharedMemoryController.cpp'을(를) 컴파일하는 중)
  
C:\Users\warwick\source\repos\External\External\source\SharedData.h(1,1): warning C4828: 파일에 0x35 오프셋에서 시작하는 문자가 포함되어 있습니다. 이 문자는 현재 원본 문자 집합에서 잘못된 문자입니다(코드 페이지 65001).
  (소스 파일 '../artifacts/qt/moc/moc_SharedMemoryController.cpp'을(를) 컴파일하는 중)
  
C:\Users\warwick\source\repos\External\External\source\SharedData.h(1,1): warning C4828: 파일에 0x36 오프셋에서 시작하는 문자가 포함되어 있습니다. 이 문자는 현재 원본 문자 집합에서 잘못된 문자입니다(코드 페이지 65001).
  (소스 파일 '../artifacts/qt/moc/moc_SharedMemoryController.cpp'을(를) 컴파일하는 중)
  
C:\Users\warwick\source\repos\External\External\source\SharedData.h(1,1): warning C4828: 파일에 0x37 오프셋에서 시작하는 문자가 포함되어 있습니다. 이 문자는 현재 원본 문자 집합에서 잘못된 문자입니다(코드 페이지 65001).
  (소스 파일 '../artifacts/qt/moc/moc_SharedMemoryController.cpp'을(를) 컴파일하는 중)
  
C:\Users\warwick\source\repos\External\External\source\SharedData.h(1,1): warning C4828: 파일에 0x39 오프셋에서 시작하는 문자가 포함되어 있습니다. 이 문자는 현재 원본 문자 집합에서 잘못된 문자입니다(코드 페이지 65001).
  (소스 파일 '../artifacts/qt/moc/moc_SharedMemoryController.cpp'을(를) 컴파일하는 중)
  
C:\Users\warwick\source\repos\External\External\source\SharedData.h(1,1): warning C4828: 파일에 0x3a 오프셋에서 시작하는 문자가 포함되어 있습니다. 이 문자는 현재 원본 문자 집합에서 잘못된 문자입니다(코드 페이지 65001).
  (소스 파일 '../artifacts/qt/moc/moc_SharedMemoryController.cpp'을(를) 컴파일하는 중)
  
C:\Users\warwick\source\repos\External\External\source\SharedData.h(1,1): warning C4828: 파일에 0x3b 오프셋에서 시작하는 문자가 포함되어 있습니다. 이 문자는 현재 원본 문자 집합에서 잘못된 문자입니다(코드 페이지 65001).
  (소스 파일 '../artifacts/qt/moc/moc_SharedMemoryController.cpp'을(를) 컴파일하는 중)
  
C:\Users\warwick\source\repos\External\External\source\SharedData.h(1,1): warning C4828: 파일에 0x3c 오프셋에서 시작하는 문자가 포함되어 있습니다. 이 문자는 현재 원본 문자 집합에서 잘못된 문자입니다(코드 페이지 65001).
  (소스 파일 '../artifacts/qt/moc/moc_SharedMemoryController.cpp'을(를) 컴파일하는 중)
  
C:\Users\warwick\source\repos\External\External\source\SharedData.h(1,1): warning C4828: 파일에 0x3f 오프셋에서 시작하는 문자가 포함되어 있습니다. 이 문자는 현재 원본 문자 집합에서 잘못된 문자입니다(코드 페이지 65001).
  (소스 파일 '../artifacts/qt/moc/moc_SharedMemoryController.cpp'을(를) 컴파일하는 중)
  
C:\Users\warwick\source\repos\External\External\source\SharedData.h(1,1): warning C4828: 파일에 0x40 오프셋에서 시작하는 문자가 포함되어 있습니다. 이 문자는 현재 원본 문자 집합에서 잘못된 문자입니다(코드 페이지 65001).
  (소스 파일 '../artifacts/qt/moc/moc_SharedMemoryController.cpp'을(를) 컴파일하는 중)
  
C:\Users\warwick\source\repos\External\External\source\SharedData.h(1,1): warning C4828: 파일에 0x42 오프셋에서 시작하는 문자가 포함되어 있습니다. 이 문자는 현재 원본 문자 집합에서 잘못된 문자입니다(코드 페이지 65001).
  (소스 파일 '../artifacts/qt/moc/moc_SharedMemoryController.cpp'을(를) 컴파일하는 중)
  
C:\Users\warwick\source\repos\External\External\source\SharedData.h(1,1): warning C4828: 파일에 0x45 오프셋에서 시작하는 문자가 포함되어 있습니다. 이 문자는 현재 원본 문자 집합에서 잘못된 문자입니다(코드 페이지 65001).
  (소스 파일 '../artifacts/qt/moc/moc_SharedMemoryController.cpp'을(를) 컴파일하는 중)
  
C:\Users\warwick\source\repos\External\External\source\SharedData.h(1,1): warning C4828: 파일에 0x46 오프셋에서 시작하는 문자가 포함되어 있습니다. 이 문자는 현재 원본 문자 집합에서 잘못된 문자입니다(코드 페이지 65001).
  (소스 파일 '../artifacts/qt/moc/moc_SharedMemoryController.cpp'을(를) 컴파일하는 중)
  
C:\Users\warwick\source\repos\External\External\source\SharedData.h(1,1): warning C4828: 파일에 0x47 오프셋에서 시작하는 문자가 포함되어 있습니다. 이 문자는 현재 원본 문자 집합에서 잘못된 문자입니다(코드 페이지 65001).
  (소스 파일 '../artifacts/qt/moc/moc_SharedMemoryController.cpp'을(를) 컴파일하는 중)
  
C:\Users\warwick\source\repos\External\External\source\SharedData.h(1,1): warning C4828: 파일에 0x49 오프셋에서 시작하는 문자가 포함되어 있습니다. 이 문자는 현재 원본 문자 집합에서 잘못된 문자입니다(코드 페이지 65001).
  (소스 파일 '../artifacts/qt/moc/moc_SharedMemoryController.cpp'을(를) 컴파일하는 중)
  
C:\Users\warwick\source\repos\External\External\source\SharedData.h(1,1): warning C4828: 파일에 0x4c 오프셋에서 시작하는 문자가 포함되어 있습니다. 이 문자는 현재 원본 문자 집합에서 잘못된 문자입니다(코드 페이지 65001).
  (소스 파일 '../artifacts/qt/moc/moc_SharedMemoryController.cpp'을(를) 컴파일하는 중)
  
C:\Users\warwick\source\repos\External\External\source\SharedData.h(1,1): warning C4828: 파일에 0x50 오프셋에서 시작하는 문자가 포함되어 있습니다. 이 문자는 현재 원본 문자 집합에서 잘못된 문자입니다(코드 페이지 65001).
  (소스 파일 '../artifacts/qt/moc/moc_SharedMemoryController.cpp'을(를) 컴파일하는 중)
  
C:\Users\warwick\source\repos\External\External\source\SharedData.h(1,1): warning C4828: 파일에 0x51 오프셋에서 시작하는 문자가 포함되어 있습니다. 이 문자는 현재 원본 문자 집합에서 잘못된 문자입니다(코드 페이지 65001).
  (소스 파일 '../artifacts/qt/moc/moc_SharedMemoryController.cpp'을(를) 컴파일하는 중)
  
C:\Users\warwick\source\repos\External\External\source\SharedData.h(1,1): warning C4828: 파일에 0x52 오프셋에서 시작하는 문자가 포함되어 있습니다. 이 문자는 현재 원본 문자 집합에서 잘못된 문자입니다(코드 페이지 65001).
  (소스 파일 '../artifacts/qt/moc/moc_SharedMemoryController.cpp'을(를) 컴파일하는 중)
  
C:\Users\warwick\source\repos\External\External\source\SharedData.h(1,1): warning C4828: 파일에 0x57 오프셋에서 시작하는 문자가 포함되어 있습니다. 이 문자는 현재 원본 문자 집합에서 잘못된 문자입니다(코드 페이지 65001).
  (소스 파일 '../artifacts/qt/moc/moc_SharedMemoryController.cpp'을(를) 컴파일하는 중)
  
C:\Users\warwick\source\repos\External\External\source\SharedData.h(1,1): warning C4828: 파일에 0x5b 오프셋에서 시작하는 문자가 포함되어 있습니다. 이 문자는 현재 원본 문자 집합에서 잘못된 문자입니다(코드 페이지 65001).
  (소스 파일 '../artifacts/qt/moc/moc_SharedMemoryController.cpp'을(를) 컴파일하는 중)
  
C:\Users\warwick\source\repos\External\External\source\SharedData.h(1,1): warning C4828: 파일에 0x5c 오프셋에서 시작하는 문자가 포함되어 있습니다. 이 문자는 현재 원본 문자 집합에서 잘못된 문자입니다(코드 페이지 65001).
  (소스 파일 '../artifacts/qt/moc/moc_SharedMemoryController.cpp'을(를) 컴파일하는 중)
  
C:\Users\warwick\source\repos\External\External\source\SharedData.h(1,1): warning C4828: 파일에 0x256 오프셋에서 시작하는 문자가 포함되어 있습니다. 이 문자는 현재 원본 문자 집합에서 잘못된 문자입니다(코드 페이지 65001).
  (소스 파일 '../artifacts/qt/moc/moc_SharedMemoryController.cpp'을(를) 컴파일하는 중)
  
C:\Users\warwick\source\repos\External\External\source\SharedData.h(1,1): warning C4828: 파일에 0x257 오프셋에서 시작하는 문자가 포함되어 있습니다. 이 문자는 현재 원본 문자 집합에서 잘못된 문자입니다(코드 페이지 65001).
  (소스 파일 '../artifacts/qt/moc/moc_SharedMemoryController.cpp'을(를) 컴파일하는 중)
  
C:\Users\warwick\source\repos\External\External\source\SharedData.h(1,1): warning C4828: 파일에 0x25b 오프셋에서 시작하는 문자가 포함되어 있습니다. 이 문자는 현재 원본 문자 집합에서 잘못된 문자입니다(코드 페이지 65001).
  (소스 파일 '../artifacts/qt/moc/moc_SharedMemoryController.cpp'을(를) 컴파일하는 중)
  
C:\Users\warwick\source\repos\External\External\source\SharedData.h(1,1): warning C4828: 파일에 0x25e 오프셋에서 시작하는 문자가 포함되어 있습니다. 이 문자는 현재 원본 문자 집합에서 잘못된 문자입니다(코드 페이지 65001).
  (소스 파일 '../artifacts/qt/moc/moc_SharedMemoryController.cpp'을(를) 컴파일하는 중)
  
C:\Users\warwick\source\repos\External\External\source\SharedData.h(1,1): warning C4828: 파일에 0x25f 오프셋에서 시작하는 문자가 포함되어 있습니다. 이 문자는 현재 원본 문자 집합에서 잘못된 문자입니다(코드 페이지 65001).
  (소스 파일 '../artifacts/qt/moc/moc_SharedMemoryController.cpp'을(를) 컴파일하는 중)
  
C:\Users\warwick\source\repos\External\External\source\SharedData.h(1,1): warning C4828: 파일에 0x262 오프셋에서 시작하는 문자가 포함되어 있습니다. 이 문자는 현재 원본 문자 집합에서 잘못된 문자입니다(코드 페이지 65001).
  (소스 파일 '../artifacts/qt/moc/moc_SharedMemoryController.cpp'을(를) 컴파일하는 중)
  
C:\Users\warwick\source\repos\External\External\source\SharedData.h(1,1): warning C4828: 파일에 0x265 오프셋에서 시작하는 문자가 포함되어 있습니다. 이 문자는 현재 원본 문자 집합에서 잘못된 문자입니다(코드 페이지 65001).
  (소스 파일 '../artifacts/qt/moc/moc_SharedMemoryController.cpp'을(를) 컴파일하는 중)
  
C:\Users\warwick\source\repos\External\External\source\SharedData.h(1,1): warning C4828: 파일에 0x267 오프셋에서 시작하는 문자가 포함되어 있습니다. 이 문자는 현재 원본 문자 집합에서 잘못된 문자입니다(코드 페이지 65001).
  (소스 파일 '../artifacts/qt/moc/moc_SharedMemoryController.cpp'을(를) 컴파일하는 중)
  
C:\Users\warwick\source\repos\External\External\source\SharedData.h(1,1): warning C4828: 파일에 0x268 오프셋에서 시작하는 문자가 포함되어 있습니다. 이 문자는 현재 원본 문자 집합에서 잘못된 문자입니다(코드 페이지 65001).
  (소스 파일 '../artifacts/qt/moc/moc_SharedMemoryController.cpp'을(를) 컴파일하는 중)
  
C:\Users\warwick\source\repos\External\External\source\SharedData.h(1,1): warning C4828: 파일에 0x26c 오프셋에서 시작하는 문자가 포함되어 있습니다. 이 문자는 현재 원본 문자 집합에서 잘못된 문자입니다(코드 페이지 65001).
  (소스 파일 '../artifacts/qt/moc/moc_SharedMemoryController.cpp'을(를) 컴파일하는 중)
  
C:\Users\warwick\source\repos\External\External\source\SharedData.h(1,1): warning C4828: 파일에 0x26d 오프셋에서 시작하는 문자가 포함되어 있습니다. 이 문자는 현재 원본 문자 집합에서 잘못된 문자입니다(코드 페이지 65001).
  (소스 파일 '../artifacts/qt/moc/moc_SharedMemoryController.cpp'을(를) 컴파일하는 중)
  
C:\Users\warwick\source\repos\External\External\source\SharedData.h(1,1): warning C4828: 파일에 0x2aa 오프셋에서 시작하는 문자가 포함되어 있습니다. 이 문자는 현재 원본 문자 집합에서 잘못된 문자입니다(코드 페이지 65001).
  (소스 파일 '../artifacts/qt/moc/moc_SharedMemoryController.cpp'을(를) 컴파일하는 중)
  
C:\Users\warwick\source\repos\External\External\source\SharedData.h(1,1): warning C4828: 파일에 0x2ab 오프셋에서 시작하는 문자가 포함되어 있습니다. 이 문자는 현재 원본 문자 집합에서 잘못된 문자입니다(코드 페이지 65001).
  (소스 파일 '../artifacts/qt/moc/moc_SharedMemoryController.cpp'을(를) 컴파일하는 중)
  
  코드를 생성하고 있습니다.
  34 of 269 functions (12.6%) were compiled, the rest were copied from previous compilation.
    0 functions were new in current compilation
    4 functions had inline decision re-evaluated but remain unchanged
  코드를 생성했습니다.
  External.vcxproj -> C:\Users\warwick\source\repos\External\build\External.exe
